   Γû▓ Next.js 14.1.0
   - Environments: .env.local

   Creating an optimized production build ...
 Γ£ô Compiled successfully
   Linting and checking validity of types ...
   Collecting page data ...
   Generating static pages (0/7) ...

   Generating static pages (1/7) 

   Generating static pages (3/7) 

   Generating static pages (5/7) 

 Γ£ô Generating static pages (7/7) 
   Finalizing page optimization ...
   Collecting build traces ...

Route (app)                              Size     First Load JS
Γöî Γùï /                                    6.64 kB         204 kB
Γö£ Γùï /_not-found                          887 B          85.8 kB
Γö£ Γùï /chat                                3.09 kB         101 kB
Γö£ Γùï /dashboard                           9.59 kB         207 kB
Γöö Γùï /explore                             41.2 kB         139 kB
+ First Load JS shared by all            84.9 kB
  Γö£ chunks/69-20a5efde6bcead8b.js        29 kB
  Γö£ chunks/fd9d1056-b636aeb720a848e8.js  53.4 kB
  Γöö other shared chunks (total)          2.45 kB


Γùï  (Static)  prerendered as static content

